<?xml version="1.0" encoding="UTF-8"?>
<testsuite name="kr.co.mq.MQTest" tests="1" skipped="0" failures="0" errors="0" timestamp="2022-06-08T08:36:18" hostname="DESKTOP-OH9AU6U" time="12.164">
  <properties/>
  <testcase name="Queue Group Pub/Sub 테스트" classname="kr.co.mq.MQTest" time="12.164"/>
  <system-out><![CDATA[[2022-06-08 17:36:18] 커넥션 성공 
[2022-06-08 17:36:18] Job-0  Sub:  응답 준비 완료 
[2022-06-08 17:36:18] Job-1  Sub:  응답 준비 완료 
[2022-06-08 17:36:18] Job-2  Sub:  응답 준비 완료 
[2022-06-08 17:36:18] 커넥션 성공 
[2022-06-08 17:36:18] 커넥션 성공 
[2022-06-08 17:36:21] Pub:  전송 시작 
[2022-06-08 17:36:21] 커넥션 성공 
[2022-06-08 17:36:21] Pub:  Send Message - 0 전송 
[2022-06-08 17:36:21] Pub:  Send Message - 1 전송 
[2022-06-08 17:36:21] Pub:  Send Message - 2 전송 
[2022-06-08 17:36:21] Pub:  전송 완료 
[2022-06-08 17:36:21] Job-1  Sub:  test null  의 응답 정보  Send Message - 2 
[2022-06-08 17:36:21] Job-2  Sub:  test null  의 응답 정보  Send Message - 0 
[2022-06-08 17:36:21] Job-2  Sub:  test null  의 응답 정보  Send Message - 1 
종료
]]></system-out>
  <system-err><![CDATA[]]></system-err>
</testsuite>
